Determining if the pthread_create exist failed with the following output:
Change Dir: /home/ando/zyugyourobokon/build/CMakeFiles/CMakeTmp

Run Build Command:"/usr/bin/make" "cmTC_b8e0c/fast"
/usr/bin/make -f CMakeFiles/cmTC_b8e0c.dir/build.make CMakeFiles/cmTC_b8e0c.dir/build
make[1]: ディレクトリ '/home/ando/zyugyourobokon/build/CMakeFiles/CMakeTmp' に入ります
Building C object CMakeFiles/cmTC_b8e0c.dir/CheckSymbolExists.c.o
/usr/bin/cc     -o CMakeFiles/cmTC_b8e0c.dir/CheckSymbolExists.c.o   -c /home/ando/zyugyourobokon/build/CMakeFiles/CMakeTmp/CheckSymbolExists.c
Linking C executable cmTC_b8e0c
/usr/bin/cmake -E cmake_link_script CMakeFiles/cmTC_b8e0c.dir/link.txt --verbose=1
/usr/bin/cc       CMakeFiles/cmTC_b8e0c.dir/CheckSymbolExists.c.o  -o cmTC_b8e0c -rdynamic 
CMakeFiles/cmTC_b8e0c.dir/CheckSymbolExists.c.o: 関数 `main' 内:
CheckSymbolExists.c:(.text+0x16): `pthread_create' に対する定義されていない参照です
collect2: error: ld returned 1 exit status
CMakeFiles/cmTC_b8e0c.dir/build.make:97: ターゲット 'cmTC_b8e0c' のレシピで失敗しました
make[1]: *** [cmTC_b8e0c] エラー 1
make[1]: ディレクトリ '/home/ando/zyugyourobokon/build/CMakeFiles/CMakeTmp' から出ます
Makefile:126: ターゲット 'cmTC_b8e0c/fast' のレシピで失敗しました
make: *** [cmTC_b8e0c/fast] エラー 2

File /home/ando/zyugyourobokon/build/CMakeFiles/CMakeTmp/CheckSymbolExists.c:
/* */
#include <pthread.h>

int main(int argc, char** argv)
{
  (void)argv;
#ifndef pthread_create
  return ((int*)(&pthread_create))[argc];
#else
  (void)argc;
  return 0;
#endif
}

Determining if the function pthread_create exists in the pthreads failed with the following output:
Change Dir: /home/ando/zyugyourobokon/build/CMakeFiles/CMakeTmp

Run Build Command:"/usr/bin/make" "cmTC_17e64/fast"
/usr/bin/make -f CMakeFiles/cmTC_17e64.dir/build.make CMakeFiles/cmTC_17e64.dir/build
make[1]: ディレクトリ '/home/ando/zyugyourobokon/build/CMakeFiles/CMakeTmp' に入ります
Building C object CMakeFiles/cmTC_17e64.dir/CheckFunctionExists.c.o
/usr/bin/cc    -DCHECK_FUNCTION_EXISTS=pthread_create   -o CMakeFiles/cmTC_17e64.dir/CheckFunctionExists.c.o   -c /usr/share/cmake-3.5/Modules/CheckFunctionExists.c
Linking C executable cmTC_17e64
/usr/bin/cmake -E cmake_link_script CMakeFiles/cmTC_17e64.dir/link.txt --verbose=1
/usr/bin/cc   -DCHECK_FUNCTION_EXISTS=pthread_create    CMakeFiles/cmTC_17e64.dir/CheckFunctionExists.c.o  -o cmTC_17e64 -rdynamic -lpthreads 
/usr/bin/ld: -lpthreads が見つかりません
collect2: error: ld returned 1 exit status
CMakeFiles/cmTC_17e64.dir/build.make:97: ターゲット 'cmTC_17e64' のレシピで失敗しました
make[1]: *** [cmTC_17e64] エラー 1
make[1]: ディレクトリ '/home/ando/zyugyourobokon/build/CMakeFiles/CMakeTmp' から出ます
Makefile:126: ターゲット 'cmTC_17e64/fast' のレシピで失敗しました
make: *** [cmTC_17e64/fast] エラー 2


