Determining if the pthread_create exist failed with the following output:
Change Dir: /home/ando/catkin_ws/build/CMakeFiles/CMakeTmp

Run Build Command:"/usr/bin/make" "cmTC_ffdf4/fast"
/usr/bin/make -f CMakeFiles/cmTC_ffdf4.dir/build.make CMakeFiles/cmTC_ffdf4.dir/build
make[1]: ディレクトリ '/home/ando/catkin_ws/build/CMakeFiles/CMakeTmp' に入ります
Building C object CMakeFiles/cmTC_ffdf4.dir/CheckSymbolExists.c.o
/usr/bin/cc     -o CMakeFiles/cmTC_ffdf4.dir/CheckSymbolExists.c.o   -c /home/ando/catkin_ws/build/CMakeFiles/CMakeTmp/CheckSymbolExists.c
Linking C executable cmTC_ffdf4
/usr/bin/cmake -E cmake_link_script CMakeFiles/cmTC_ffdf4.dir/link.txt --verbose=1
/usr/bin/cc       CMakeFiles/cmTC_ffdf4.dir/CheckSymbolExists.c.o  -o cmTC_ffdf4 -rdynamic 
CMakeFiles/cmTC_ffdf4.dir/CheckSymbolExists.c.o: 関数 `main' 内:
CheckSymbolExists.c:(.text+0x16): `pthread_create' に対する定義されていない参照です
collect2: error: ld returned 1 exit status
CMakeFiles/cmTC_ffdf4.dir/build.make:97: ターゲット 'cmTC_ffdf4' のレシピで失敗しました
make[1]: *** [cmTC_ffdf4] エラー 1
make[1]: ディレクトリ '/home/ando/catkin_ws/build/CMakeFiles/CMakeTmp' から出ます
Makefile:126: ターゲット 'cmTC_ffdf4/fast' のレシピで失敗しました
make: *** [cmTC_ffdf4/fast] エラー 2

File /home/ando/catkin_ws/build/CMakeFiles/CMakeTmp/CheckSymbolExists.c:
/* */
#include <pthread.h>

int main(int argc, char** argv)
{
  (void)argv;
#ifndef pthread_create
  return ((int*)(&pthread_create))[argc];
#else
  (void)argc;
  return 0;
#endif
}

Determining if the function pthread_create exists in the pthreads failed with the following output:
Change Dir: /home/ando/catkin_ws/build/CMakeFiles/CMakeTmp

Run Build Command:"/usr/bin/make" "cmTC_c7dc0/fast"
/usr/bin/make -f CMakeFiles/cmTC_c7dc0.dir/build.make CMakeFiles/cmTC_c7dc0.dir/build
make[1]: ディレクトリ '/home/ando/catkin_ws/build/CMakeFiles/CMakeTmp' に入ります
Building C object CMakeFiles/cmTC_c7dc0.dir/CheckFunctionExists.c.o
/usr/bin/cc    -DCHECK_FUNCTION_EXISTS=pthread_create   -o CMakeFiles/cmTC_c7dc0.dir/CheckFunctionExists.c.o   -c /usr/share/cmake-3.5/Modules/CheckFunctionExists.c
Linking C executable cmTC_c7dc0
/usr/bin/cmake -E cmake_link_script CMakeFiles/cmTC_c7dc0.dir/link.txt --verbose=1
/usr/bin/cc   -DCHECK_FUNCTION_EXISTS=pthread_create    CMakeFiles/cmTC_c7dc0.dir/CheckFunctionExists.c.o  -o cmTC_c7dc0 -rdynamic -lpthreads 
/usr/bin/ld: -lpthreads が見つかりません
collect2: error: ld returned 1 exit status
CMakeFiles/cmTC_c7dc0.dir/build.make:97: ターゲット 'cmTC_c7dc0' のレシピで失敗しました
make[1]: *** [cmTC_c7dc0] エラー 1
make[1]: ディレクトリ '/home/ando/catkin_ws/build/CMakeFiles/CMakeTmp' から出ます
Makefile:126: ターゲット 'cmTC_c7dc0/fast' のレシピで失敗しました
make: *** [cmTC_c7dc0/fast] エラー 2


Determining if the CL_VERSION_2_0 exist failed with the following output:
Change Dir: /home/ando/catkin_ws/build/CMakeFiles/CMakeTmp

Run Build Command:"/usr/bin/make" "cmTC_9cbb7/fast"
/usr/bin/make -f CMakeFiles/cmTC_9cbb7.dir/build.make CMakeFiles/cmTC_9cbb7.dir/build
make[1]: ディレクトリ '/home/ando/catkin_ws/build/CMakeFiles/CMakeTmp' に入ります
Building C object CMakeFiles/cmTC_9cbb7.dir/CheckSymbolExists.c.o
/usr/bin/cc     -o CMakeFiles/cmTC_9cbb7.dir/CheckSymbolExists.c.o   -c /home/ando/catkin_ws/build/CMakeFiles/CMakeTmp/CheckSymbolExists.c
/home/ando/catkin_ws/build/CMakeFiles/CMakeTmp/CheckSymbolExists.c:2:47: fatal error: OpenCL_INCLUDE_DIR-NOTFOUND/CL/cl.h: そのようなファイルやディレクトリはありません
compilation terminated.
CMakeFiles/cmTC_9cbb7.dir/build.make:65: ターゲット 'CMakeFiles/cmTC_9cbb7.dir/CheckSymbolExists.c.o' のレシピで失敗しました
make[1]: *** [CMakeFiles/cmTC_9cbb7.dir/CheckSymbolExists.c.o] エラー 1
make[1]: ディレクトリ '/home/ando/catkin_ws/build/CMakeFiles/CMakeTmp' から出ます
Makefile:126: ターゲット 'cmTC_9cbb7/fast' のレシピで失敗しました
make: *** [cmTC_9cbb7/fast] エラー 2

File /home/ando/catkin_ws/build/CMakeFiles/CMakeTmp/CheckSymbolExists.c:
/* */
#include <OpenCL_INCLUDE_DIR-NOTFOUND/CL/cl.h>

int main(int argc, char** argv)
{
  (void)argv;
#ifndef CL_VERSION_2_0
  return ((int*)(&CL_VERSION_2_0))[argc];
#else
  (void)argc;
  return 0;
#endif
}

Determining if the CL_VERSION_1_2 exist failed with the following output:
Change Dir: /home/ando/catkin_ws/build/CMakeFiles/CMakeTmp

Run Build Command:"/usr/bin/make" "cmTC_116ca/fast"
/usr/bin/make -f CMakeFiles/cmTC_116ca.dir/build.make CMakeFiles/cmTC_116ca.dir/build
make[1]: ディレクトリ '/home/ando/catkin_ws/build/CMakeFiles/CMakeTmp' に入ります
Building C object CMakeFiles/cmTC_116ca.dir/CheckSymbolExists.c.o
/usr/bin/cc     -o CMakeFiles/cmTC_116ca.dir/CheckSymbolExists.c.o   -c /home/ando/catkin_ws/build/CMakeFiles/CMakeTmp/CheckSymbolExists.c
/home/ando/catkin_ws/build/CMakeFiles/CMakeTmp/CheckSymbolExists.c:2:47: fatal error: OpenCL_INCLUDE_DIR-NOTFOUND/CL/cl.h: そのようなファイルやディレクトリはありません
compilation terminated.
CMakeFiles/cmTC_116ca.dir/build.make:65: ターゲット 'CMakeFiles/cmTC_116ca.dir/CheckSymbolExists.c.o' のレシピで失敗しました
make[1]: *** [CMakeFiles/cmTC_116ca.dir/CheckSymbolExists.c.o] エラー 1
make[1]: ディレクトリ '/home/ando/catkin_ws/build/CMakeFiles/CMakeTmp' から出ます
Makefile:126: ターゲット 'cmTC_116ca/fast' のレシピで失敗しました
make: *** [cmTC_116ca/fast] エラー 2

File /home/ando/catkin_ws/build/CMakeFiles/CMakeTmp/CheckSymbolExists.c:
/* */
#include <OpenCL_INCLUDE_DIR-NOTFOUND/CL/cl.h>

int main(int argc, char** argv)
{
  (void)argv;
#ifndef CL_VERSION_1_2
  return ((int*)(&CL_VERSION_1_2))[argc];
#else
  (void)argc;
  return 0;
#endif
}

Determining if the CL_VERSION_1_1 exist failed with the following output:
Change Dir: /home/ando/catkin_ws/build/CMakeFiles/CMakeTmp

Run Build Command:"/usr/bin/make" "cmTC_264db/fast"
/usr/bin/make -f CMakeFiles/cmTC_264db.dir/build.make CMakeFiles/cmTC_264db.dir/build
make[1]: ディレクトリ '/home/ando/catkin_ws/build/CMakeFiles/CMakeTmp' に入ります
Building C object CMakeFiles/cmTC_264db.dir/CheckSymbolExists.c.o
/usr/bin/cc     -o CMakeFiles/cmTC_264db.dir/CheckSymbolExists.c.o   -c /home/ando/catkin_ws/build/CMakeFiles/CMakeTmp/CheckSymbolExists.c
/home/ando/catkin_ws/build/CMakeFiles/CMakeTmp/CheckSymbolExists.c:2:47: fatal error: OpenCL_INCLUDE_DIR-NOTFOUND/CL/cl.h: そのようなファイルやディレクトリはありません
compilation terminated.
CMakeFiles/cmTC_264db.dir/build.make:65: ターゲット 'CMakeFiles/cmTC_264db.dir/CheckSymbolExists.c.o' のレシピで失敗しました
make[1]: *** [CMakeFiles/cmTC_264db.dir/CheckSymbolExists.c.o] エラー 1
make[1]: ディレクトリ '/home/ando/catkin_ws/build/CMakeFiles/CMakeTmp' から出ます
Makefile:126: ターゲット 'cmTC_264db/fast' のレシピで失敗しました
make: *** [cmTC_264db/fast] エラー 2

File /home/ando/catkin_ws/build/CMakeFiles/CMakeTmp/CheckSymbolExists.c:
/* */
#include <OpenCL_INCLUDE_DIR-NOTFOUND/CL/cl.h>

int main(int argc, char** argv)
{
  (void)argv;
#ifndef CL_VERSION_1_1
  return ((int*)(&CL_VERSION_1_1))[argc];
#else
  (void)argc;
  return 0;
#endif
}

Determining if the CL_VERSION_1_0 exist failed with the following output:
Change Dir: /home/ando/catkin_ws/build/CMakeFiles/CMakeTmp

Run Build Command:"/usr/bin/make" "cmTC_2d927/fast"
/usr/bin/make -f CMakeFiles/cmTC_2d927.dir/build.make CMakeFiles/cmTC_2d927.dir/build
make[1]: ディレクトリ '/home/ando/catkin_ws/build/CMakeFiles/CMakeTmp' に入ります
Building C object CMakeFiles/cmTC_2d927.dir/CheckSymbolExists.c.o
/usr/bin/cc     -o CMakeFiles/cmTC_2d927.dir/CheckSymbolExists.c.o   -c /home/ando/catkin_ws/build/CMakeFiles/CMakeTmp/CheckSymbolExists.c
/home/ando/catkin_ws/build/CMakeFiles/CMakeTmp/CheckSymbolExists.c:2:47: fatal error: OpenCL_INCLUDE_DIR-NOTFOUND/CL/cl.h: そのようなファイルやディレクトリはありません
compilation terminated.
CMakeFiles/cmTC_2d927.dir/build.make:65: ターゲット 'CMakeFiles/cmTC_2d927.dir/CheckSymbolExists.c.o' のレシピで失敗しました
make[1]: *** [CMakeFiles/cmTC_2d927.dir/CheckSymbolExists.c.o] エラー 1
make[1]: ディレクトリ '/home/ando/catkin_ws/build/CMakeFiles/CMakeTmp' から出ます
Makefile:126: ターゲット 'cmTC_2d927/fast' のレシピで失敗しました
make: *** [cmTC_2d927/fast] エラー 2

File /home/ando/catkin_ws/build/CMakeFiles/CMakeTmp/CheckSymbolExists.c:
/* */
#include <OpenCL_INCLUDE_DIR-NOTFOUND/CL/cl.h>

int main(int argc, char** argv)
{
  (void)argv;
#ifndef CL_VERSION_1_0
  return ((int*)(&CL_VERSION_1_0))[argc];
#else
  (void)argc;
  return 0;
#endif
}

